  engine.cpp
C:\3Dworkplace\GameDev\MiniEngine\MiniEngine\engine.cpp(186,21): warning C4018: “<”: 有符号/无符号不匹配
C:\3Dworkplace\GameDev\MiniEngine\MiniEngine\engine.cpp(209,21): warning C4018: “<”: 有符号/无符号不匹配
C:\3Dworkplace\GameDev\MiniEngine\MiniEngine\engine.cpp(395,29): warning C4305: “参数”: 从“double”到“GLfloat”截断
C:\3Dworkplace\GameDev\MiniEngine\MiniEngine\engine.cpp(402,25): warning C4305: “参数”: 从“double”到“GLfloat”截断
C:\3Dworkplace\GameDev\MiniEngine\MiniEngine\engine.cpp(404,25): warning C4305: “参数”: 从“double”到“GLfloat”截断
C:\3Dworkplace\GameDev\MiniEngine\MiniEngine\engine.cpp(421,48): warning C4244: “参数”: 从“double”转换到“GLfloat”，可能丢失数据
C:\3Dworkplace\GameDev\MiniEngine\MiniEngine\engine.cpp(421,35): warning C4244: “参数”: 从“double”转换到“GLfloat”，可能丢失数据
C:\3Dworkplace\GameDev\MiniEngine\MiniEngine\engine.cpp(421,16): warning C4244: “参数”: 从“double”转换到“GLfloat”，可能丢失数据
C:\3Dworkplace\GameDev\MiniEngine\MiniEngine\engine.cpp(422,26): warning C4305: “参数”: 从“double”到“GLfloat”截断
C:\3Dworkplace\GameDev\MiniEngine\MiniEngine\engine.cpp(441,68): warning C4305: “参数”: 从“double”到“GLfloat”截断
C:\3Dworkplace\GameDev\MiniEngine\MiniEngine\engine.cpp(444,60): warning C4244: “参数”: 从“double”转换到“GLfloat”，可能丢失数据
C:\3Dworkplace\GameDev\MiniEngine\MiniEngine\engine.cpp(444,40): warning C4244: “参数”: 从“double”转换到“GLfloat”，可能丢失数据
C:\3Dworkplace\GameDev\MiniEngine\MiniEngine\engine.cpp(444,19): warning C4244: “参数”: 从“double”转换到“GLfloat”，可能丢失数据
C:\3Dworkplace\GameDev\MiniEngine\MiniEngine\engine.cpp(455,25): warning C4305: “参数”: 从“double”到“GLfloat”截断
C:\3Dworkplace\GameDev\MiniEngine\MiniEngine\engine.cpp(457,25): warning C4305: “参数”: 从“double”到“GLfloat”截断
C:\3Dworkplace\GameDev\MiniEngine\MiniEngine\engine.cpp(465,25): warning C4305: “参数”: 从“double”到“GLfloat”截断
C:\3Dworkplace\GameDev\MiniEngine\MiniEngine\engine.cpp(466,24): warning C4305: “参数”: 从“double”到“GLfloat”截断
C:\3Dworkplace\GameDev\MiniEngine\MiniEngine\engine.cpp(468,30): warning C4305: “参数”: 从“double”到“GLfloat”截断
C:\3Dworkplace\GameDev\MiniEngine\MiniEngine\engine.cpp(475,25): warning C4305: “参数”: 从“double”到“GLfloat”截断
C:\3Dworkplace\GameDev\MiniEngine\MiniEngine\engine.cpp(476,24): warning C4305: “参数”: 从“double”到“GLfloat”截断
C:\3Dworkplace\GameDev\MiniEngine\MiniEngine\engine.cpp(477,30): warning C4305: “参数”: 从“double”到“GLfloat”截断
C:\3Dworkplace\GameDev\MiniEngine\MiniEngine\engine.cpp(482,25): warning C4305: “参数”: 从“double”到“GLfloat”截断
C:\3Dworkplace\GameDev\MiniEngine\MiniEngine\engine.cpp(483,24): warning C4305: “参数”: 从“double”到“GLfloat”截断
C:\3Dworkplace\GameDev\MiniEngine\MiniEngine\engine.cpp(484,30): warning C4305: “参数”: 从“double”到“GLfloat”截断
C:\3Dworkplace\GameDev\MiniEngine\MiniEngine\engine.cpp(491,25): warning C4305: “参数”: 从“double”到“GLfloat”截断
C:\3Dworkplace\GameDev\MiniEngine\MiniEngine\engine.cpp(492,24): warning C4305: “参数”: 从“double”到“GLfloat”截断
C:\3Dworkplace\GameDev\MiniEngine\MiniEngine\engine.cpp(493,30): warning C4305: “参数”: 从“double”到“GLfloat”截断
C:\3Dworkplace\GameDev\MiniEngine\MiniEngine\engine.cpp(498,25): warning C4305: “参数”: 从“double”到“GLfloat”截断
C:\3Dworkplace\GameDev\MiniEngine\MiniEngine\engine.cpp(499,24): warning C4305: “参数”: 从“double”到“GLfloat”截断
C:\3Dworkplace\GameDev\MiniEngine\MiniEngine\engine.cpp(500,30): warning C4305: “参数”: 从“double”到“GLfloat”截断
C:\3Dworkplace\GameDev\MiniEngine\MiniEngine\engine.cpp(513,31): warning C4305: “参数”: 从“double”到“GLfloat”截断
C:\3Dworkplace\GameDev\MiniEngine\MiniEngine\engine.cpp(520,25): warning C4305: “参数”: 从“double”到“GLfloat”截断
C:\3Dworkplace\GameDev\MiniEngine\MiniEngine\engine.cpp(522,30): warning C4305: “参数”: 从“double”到“GLfloat”截断
C:\3Dworkplace\GameDev\MiniEngine\MiniEngine\engine.cpp(525,33): warning C4244: “参数”: 从“double”转换到“GLint”，可能丢失数据
C:\3Dworkplace\GameDev\MiniEngine\MiniEngine\engine.cpp(534,30): warning C4305: “参数”: 从“double”到“GLfloat”截断
C:\3Dworkplace\GameDev\MiniEngine\MiniEngine\engine.cpp(543,37): warning C4244: “参数”: 从“double”转换到“GLint”，可能丢失数据
C:\3Dworkplace\GameDev\MiniEngine\MiniEngine\engine.cpp(549,25): warning C4305: “参数”: 从“double”到“GLfloat”截断
C:\3Dworkplace\GameDev\MiniEngine\MiniEngine\engine.cpp(551,30): warning C4305: “参数”: 从“double”到“GLfloat”截断
C:\3Dworkplace\GameDev\MiniEngine\MiniEngine\engine.cpp(554,28): warning C4305: “参数”: 从“double”到“GLfloat”截断
C:\3Dworkplace\GameDev\MiniEngine\MiniEngine\engine.cpp(555,34): warning C4244: “参数”: 从“double”转换到“GLint”，可能丢失数据
C:\3Dworkplace\GameDev\MiniEngine\MiniEngine\engine.cpp(562,29): warning C4305: “参数”: 从“double”到“GLfloat”截断
C:\3Dworkplace\GameDev\MiniEngine\MiniEngine\engine.cpp(565,30): warning C4305: “参数”: 从“double”到“GLfloat”截断
C:\3Dworkplace\GameDev\MiniEngine\MiniEngine\engine.cpp(567,32): warning C4244: “参数”: 从“double”转换到“GLint”，可能丢失数据
C:\3Dworkplace\GameDev\MiniEngine\MiniEngine\engine.cpp(649,25): warning C4305: “参数”: 从“double”到“GLfloat”截断
C:\3Dworkplace\GameDev\MiniEngine\MiniEngine\engine.cpp(656,25): warning C4305: “参数”: 从“double”到“GLfloat”截断
  MiniEngine.vcxproj -> C:\3Dworkplace\GameDev\MiniEngine\Debug\MiniEngine.exe
